#
# Copyright (c) 2010 Nokia Corporation and/or its subsidiary(-ies).
# All rights reserved.
# This component and the accompanying materials are made available
# under the terms of "Eclipse Public License v1.0"
# which accompanies this distribution, and is available
# at the URL "http://www.eclipse.org/legal/epl-v10.html".
#
# Initial Contributors:
# Nokia Corporation - initial contribution.
#
# Contributors:
#
# Description: 
#

component	lbs_locationserver


source \sf\os\lbs\locationrequestmgmt\locationserver
source \sf\os\lbs\locationrequestmgmt\locationserver\LbsQualityProfileApi
source \sf\os\lbs\locationrequestmgmt\locationserver\LbsLocUtils
source \sf\os\lbs\locationrequestmgmt\locationserver\lbstestpsys



binary \sf\os\lbs\locationrequestmgmt\locationserver\group all
exports	\sf\os\lbs\locationrequestmgmt\locationserver\group

notes_source	\component_defs\release.src

ipr E 


ipr T  \sf\os\lbs\locationrequestmgmt\locationserver\LbsQualityProfileApi\test
ipr T  \sf\os\lbs\locationrequestmgmt\locationserver\test\te_locsrv
ipr T  \sf\os\lbs\locationrequestmgmt\locationserver\lbstestpsys