component	comms-infras_esock

source  \sf\os\commsfw\datacommsserver\esockserver\eabi
source  \sf\os\commsfw\datacommsserver\esockserver\bwins
source  \sf\os\commsfw\datacommsserver\esockserver\Documentation
source  \sf\os\commsfw\datacommsserver\esockserver\api_ext
source  \sf\os\commsfw\datacommsserver\esockserver\esock_messages
source	\sf\os\commsfw\datacommsserver\esockserver\csock
source	\sf\os\commsfw\datacommsserver\esockserver\group
source	\sf\os\commsfw\datacommsserver\esockserver\subcon_params
source	\sf\os\commsfw\datacommsserver\esockserver\esock_params
source	\sf\os\commsfw\datacommsserver\esockserver\eintsock
source	\sf\os\commsfw\datacommsserver\esockserver\inc
source	\sf\os\commsfw\datacommsserver\esockserver\test
source	\sf\os\commsfw\datacommsserver\esockserver\eintsock_transport
source	\sf\os\commsfw\datacommsserver\esockserver\ssock
source	\sf\os\commsfw\datacommsserver\esockserver\commsdataobjects
source	\sf\os\commsfw\datacommsserver\esockserver\compatibility_headers
source	\sf\os\commsfw\datacommsserver\esockserver\connserv_params
source	\sf\os\commsfw\datacommsserver\esockserver\core_states
source	\sf\os\commsfw\datacommsserver\esockserver\CoreProviders
source	\sf\os\commsfw\datacommsserver\esockserver\UpsCoreProviders
source	\sf\os\commsfw\datacommsserver\esockserver\MobilityCoreProviders
source	\sf\os\commsfw\datacommsserver\esockserver\debug\MessageInterceptRegister
source	\sf\os\commsfw\datacommsserver\esockserver\esock_internal_messages
source	\sf\os\commsfw\datacommsserver\esockserver\simpleselectorbase
binary	\sf\os\commsfw\datacommsserver\esockserver\group	all
exports	\sf\os\commsfw\datacommsserver\esockserver\group
notes_source	\component_defs\release.src

-binary \sf\os\commsfw\datacommsserver\esockserver\etc all

-export_file \sf\os\commsfw\datacommsserver\esockserver\etc\esock_main.cmi		\epoc32\data\z\private\101F7988\esock.cmi
-export_file \sf\os\commsfw\datacommsserver\esockserver\etc\esock_mip.cmi		\epoc32\data\z\private\101F7988\esock_mip.cmi
-export_file \sf\os\commsfw\datacommsserver\esockserver\etc\esock_dip.cmi		\epoc32\data\z\private\101F7988\esock_dip.cmi
-export_file \sf\os\commsfw\datacommsserver\esockserver\etc\esock_tr.cmi		\epoc32\data\z\private\101F7988\esock_tr.cmi
-export_file \sf\os\commsfw\datacommsserver\esockserver\etc\esock_smswap.cmi	\epoc32\data\z\private\101F7988\esock_smswap.cmi


ipr D 
ipr T \sf\os\commsfw\datacommsserver\esockserver\debug
ipr T \sf\os\commsfw\datacommsserver\esockserver\test
