#
# Copyright (c) 2009 Nokia Corporation and/or its subsidiary(-ies).
# All rights reserved.
# This component and the accompanying materials are made available
# under the terms of "Eclipse Public License v1.0"
# which accompanies this distribution, and is available
# at the URL "http://www.eclipse.org/legal/epl-v10.html".
#
# Initial Contributors:
# Nokia Corporation - initial contribution.
#
# Contributors:
#
# Description: 
#

component	tools_sdk_eng_emulator_launcher
source	\sf\os\buildtools\misccomponents\emulatorlauncher
binary	\sf\os\buildtools\misccomponents\emulatorlauncher\group	all
exports	\sf\os\buildtools\misccomponents\emulatorlauncher\group
notes_source	\component_defs\release.src

#Intermediate files for tools target
#binary	\epoc32\release\tools\rel\pjava.exe
#binary	\epoc32\release\tools\rel\pjava_g.exe
#binary	\epoc32\release\tools\rel\pappletviewer.exe
#binary	\epoc32\release\tools\rel\pappletviewer_g.exe



ipr T 

