#multimedia_mobiletv_dvbh_hai.mrp
#
# Copyright (c) 2007 Nokia Corporation and/or its subsidiary(-ies).
# All rights reserved.
# This component and the accompanying materials are made available
# under the terms of "Eclipse Public License v1.0"
# which accompanies this distribution, and is available
# at the URL "http://www.eclipse.org/legal/epl-v10.html".
#
# Initial Contributors:
# Nokia Corporation - initial contribution.
#
# Contributors:
#
# Description:
#

component	multimedia_mobiletv_dvbh_hai

source	\sf\os\mm\mmhais\dvbhreceiverhai\hai\dvbh
source	\sf\os\mm\mmhais\dvbhreceiverhai\inc\mobiletv\hai\dvbh

binary	\sf\os\mm\mmhais\dvbhreceiverhai\hai\dvbh\group	all

exports	\sf\os\mm\mmhais\dvbhreceiverhai\hai\dvbh\group

notes_source	\component_defs\release.src

ipr E 
ipr T \sf\os\mm\mmhais\dvbhreceiverhai\hai\dvbh\teststubs