component tools_e32toolp
# This file is generated by setupprj.bat

ipr T
ipr O  \sf\os\buildtools\sbsv1_os\e32toolp\binutils

source \sf\os\buildtools\sbsv1_os\e32toolp
source \sf\os\buildtools\toolsandutils\buildsystem

binary \epoc32\tools\abld.pl
binary \epoc32\tools\armasm2as.pl
binary \epoc32\tools\armutl.pm
binary \epoc32\tools\armv5smp.bsf
binary \epoc32\tools\armv6.bsf
binary \epoc32\tools\armv6_abiv1.bsf
binary \epoc32\tools\armv6smp.bsf
binary \epoc32\tools\armv6t2.bsf
binary \epoc32\tools\armv7.bsf
binary \epoc32\tools\bldmake.bat
binary \epoc32\tools\bldmake.pl
binary \epoc32\tools\bpabiutl.pm
binary \epoc32\tools\checkgcc.pm
binary \epoc32\tools\checksource.pl
binary \epoc32\tools\checksource.pm
binary \epoc32\tools\cl_arm.pm
binary \epoc32\tools\cl_bpabi.pm
binary \epoc32\tools\cl_codewarrior.pm
binary \epoc32\tools\cl_edg.pm
binary \epoc32\tools\cl_gcc.pm
binary \epoc32\tools\cl_gccxml.pm
binary \epoc32\tools\cl_generic.pm
binary \epoc32\tools\cl_mingw.pm
binary \epoc32\tools\cl_tools.pm
binary \epoc32\tools\cl_vscw.pm
binary \epoc32\tools\cl_win.pm
binary \epoc32\tools\cl_x86.pm
binary \epoc32\tools\cl_x86gcc.pm
binary \epoc32\tools\conv_khronos_hdr_to_cpp.pl
binary \epoc32\tools\conv_khronos_openvg_hdr_to_cpp.pl
binary \epoc32\tools\copyfeaturevariants.pl
binary \epoc32\tools\createrfifile.pl
binary \epoc32\tools\cw_link_descriptor_template.cwlink
binary \epoc32\tools\cw_link_descriptor_template_v2.cwlink
binary \epoc32\tools\cw_project_template_v3.xml
binary \epoc32\tools\cw_project_template_v4.xml
binary \epoc32\tools\default_plats.txt
binary \epoc32\tools\default_plats_v2.txt
binary \epoc32\tools\defutl.pm
binary \epoc32\tools\deletefeaturevariants.pl
binary \epoc32\tools\e32env.pm
binary \epoc32\tools\e32plat.pm
binary \epoc32\tools\e32tpver.pm
binary \epoc32\tools\e32variant.pm
binary \epoc32\tools\ecopyfile.pl
binary \epoc32\tools\efreeze.bat
binary \epoc32\tools\efreeze.pl
binary \epoc32\tools\emkdir.pl
binary \epoc32\tools\epocaif.pl
binary \epoc32\tools\epocmbm.pl
binary \epoc32\tools\epocrc.bat
binary \epoc32\tools\epocrc.pl
binary \epoc32\tools\ermdir.pl
binary \epoc32\tools\err_formatter.pl
binary \epoc32\tools\fcloggerutl.pm
binary \epoc32\tools\featurevariantmap.pm
binary \epoc32\tools\featurevariantparser.pm
binary \epoc32\tools\filenamepolicyexclusions.txt
binary \epoc32\tools\findimp.pl
binary \epoc32\tools\fixsource.bat
binary \epoc32\tools\gcce_plat2set.pm
binary \epoc32\tools\gccev6.bsf
binary \epoc32\tools\gccev6t2.bsf
binary \epoc32\tools\gccev7.bsf
binary \epoc32\tools\gendef.pl
binary \epoc32\tools\genshimsrc.bat
binary \epoc32\tools\genutl.pm
binary \epoc32\tools\h2inc.pl
binary \epoc32\tools\ide_cw.pm
binary \epoc32\tools\ide_vc6.pm
binary \epoc32\tools\linkdeps.pl
binary \epoc32\tools\listfeaturevariants.pl
binary \epoc32\tools\listzip.pl
binary \epoc32\tools\lockit_info.pm
binary \epoc32\tools\makdeps.pm
binary \epoc32\tools\make.exe
binary \epoc32\tools\makedef.pl
binary \epoc32\tools\makhelp.pm
binary \epoc32\tools\makmake.bat
binary \epoc32\tools\makmake.pl
binary \epoc32\tools\memtrace.bat
binary \epoc32\tools\memtrace.pl
binary \epoc32\tools\metabld.bat
binary \epoc32\tools\metabld.pl
binary \epoc32\tools\mmp.pm
binary \epoc32\tools\modload.pm
binary \epoc32\tools\omapsig.pl
binary \epoc32\tools\output.pm
binary \epoc32\tools\pathutl.pm
binary \epoc32\tools\prepdef.pl
binary \epoc32\tools\prepfile.pm
binary \epoc32\tools\preprocessor.pm
binary \epoc32\tools\rvct_plat2set.pm
binary \epoc32\tools\rvct_ver2set.pm
binary \epoc32\tools\scpp.exe
binary \epoc32\tools\selectbootmak.pl
binary \epoc32\tools\set-rvct.bat
binary \epoc32\tools\sym_lkup_util.pl
binary \epoc32\tools\trgtype.pm
binary \epoc32\tools\winutl.pm
binary \epoc32\tools\wrappermakefile.pm
binary \epoc32\tools\compilation_config\ARMV5.mk
binary \epoc32\tools\compilation_config\GCCE.mk
binary \epoc32\tools\compilation_config\extractvars.make
binary \epoc32\tools\makefile_templates\app-services\buildstubsis.meta
binary \epoc32\tools\makefile_templates\app-services\buildstubsis.mk
binary \epoc32\tools\makefile_templates\app-services\buildupgradesis.meta
binary \epoc32\tools\makefile_templates\app-services\buildupgradesis.mk
binary \epoc32\tools\makefile_templates\app-services\tzlocaltestserver.meta
binary \epoc32\tools\makefile_templates\app-services\tzlocaltestserver.mk
binary \epoc32\tools\makefile_templates\app-services\wlddatabasekit_sec.meta
binary \epoc32\tools\makefile_templates\app-services\wlddatabasekit_sec.mk
binary \epoc32\tools\makefile_templates\application-protocols\buildstubsis.meta
binary \epoc32\tools\makefile_templates\application-protocols\buildstubsis.mk
binary \epoc32\tools\makefile_templates\base\bootstrap.meta
binary \epoc32\tools\makefile_templates\base\bootstrap.mk
binary \epoc32\tools\makefile_templates\base\bootstrap.xml
binary \epoc32\tools\makefile_templates\base\bootstrap.flm
binary \epoc32\tools\makefile_templates\base\config.meta
binary \epoc32\tools\makefile_templates\base\config.mk
binary \epoc32\tools\makefile_templates\base\copy_default.meta
binary \epoc32\tools\makefile_templates\base\copy_default.mk
binary \epoc32\tools\makefile_templates\base\genexec.meta
binary \epoc32\tools\makefile_templates\base\genexec.mk
binary \epoc32\tools\makefile_templates\base\base_rvct_common.mk
binary \epoc32\tools\makefile_templates\base\h2_genbootinc.meta
binary \epoc32\tools\makefile_templates\base\h2_genbootinc.mk
binary \epoc32\tools\makefile_templates\base\h2_restricted_coreldr.meta
binary \epoc32\tools\makefile_templates\base\h2_restricted_coreldr.mk
binary \epoc32\tools\makefile_templates\base\h4_genbootinc.meta
binary \epoc32\tools\makefile_templates\base\h4_genbootinc.mk
binary \epoc32\tools\makefile_templates\base\h4_restricted_coreldr.meta
binary \epoc32\tools\makefile_templates\base\h4_restricted_coreldr.mk
binary \epoc32\tools\makefile_templates\base\h4_restricted_on_coreldr.meta
binary \epoc32\tools\makefile_templates\base\h4_restricted_on_coreldr.mk
binary \epoc32\tools\makefile_templates\base\h4_restricted_on_miniboot.meta
binary \epoc32\tools\makefile_templates\base\h4_restricted_on_miniboot.mk
binary \epoc32\tools\makefile_templates\base\integrator_lmnand2_coreldr.meta
binary \epoc32\tools\makefile_templates\base\integrator_lmnand2_coreldr.mk
binary \epoc32\tools\makefile_templates\base\integrator_lmnand2_miniboot.meta
binary \epoc32\tools\makefile_templates\base\integrator_lmnand2_miniboot.mk
binary \epoc32\tools\makefile_templates\base\lab_restricted_miniboot.meta
binary \epoc32\tools\makefile_templates\base\lab_restricted_miniboot.mk
binary \epoc32\tools\makefile_templates\base\lab_restricted_miniboot.xml
binary \epoc32\tools\makefile_templates\base\lab_restricted_miniboot.flm
binary \epoc32\tools\makefile_templates\base\lubbock_coreldr.meta
binary \epoc32\tools\makefile_templates\base\lubbock_coreldr.mk
binary \epoc32\tools\makefile_templates\base\lubbock_miniboot.meta
binary \epoc32\tools\makefile_templates\base\lubbock_miniboot.mk
binary \epoc32\tools\makefile_templates\base\nand_fbr_offset.meta
binary \epoc32\tools\makefile_templates\base\nand_fbr_offset.mk
binary \epoc32\tools\makefile_templates\base\ne1_tb_genbootinc.meta
binary \epoc32\tools\makefile_templates\base\ne1_tb_genbootinc.mk
binary \epoc32\tools\makefile_templates\base\ne1_tb_restricted_coreldr.meta
binary \epoc32\tools\makefile_templates\base\ne1_tb_restricted_coreldr.mk
binary \epoc32\tools\makefile_templates\base\ne1_tb_restricted_coreldr.xml
binary \epoc32\tools\makefile_templates\base\ne1_tb_restricted_coreldr.flm
binary \epoc32\tools\makefile_templates\base\omap3_genbootinc.meta
binary \epoc32\tools\makefile_templates\base\omap3_genbootinc.mk
binary \epoc32\tools\makefile_templates\base\omap3_restricted_coreldr.meta
binary \epoc32\tools\makefile_templates\base\omap3_restricted_coreldr.mk
binary \epoc32\tools\makefile_templates\base\omap3_restricted_coreldr.xml
binary \epoc32\tools\makefile_templates\base\omap3_restricted_coreldr.flm
binary \epoc32\tools\makefile_templates\converged-comms\createcommdbs.meta
binary \epoc32\tools\makefile_templates\converged-comms\createcommdbs.mk
binary \epoc32\tools\makefile_templates\converged-comms\installdefaultcommdb.meta
binary \epoc32\tools\makefile_templates\converged-comms\installdefaultcommdb.mk
binary \epoc32\tools\makefile_templates\graphics\gen_khronos_cpp_from_hdr.meta
binary \epoc32\tools\makefile_templates\graphics\gen_khronos_cpp_from_hdr.mk
binary \epoc32\tools\makefile_templates\graphics\gen_khronos_openvg_cpp_from_hdr.meta
binary \epoc32\tools\makefile_templates\graphics\gen_khronos_openvg_cpp_from_hdr.mk
binary \epoc32\tools\makefile_templates\graphics\genpdrs.meta
binary \epoc32\tools\makefile_templates\graphics\genpdrs.mk
binary \epoc32\tools\makefile_templates\security\upsserver.meta
binary \epoc32\tools\makefile_templates\security\upsserver.mk
binary \epoc32\tools\makefile_templates\syslibs\conversiontable.meta
binary \epoc32\tools\makefile_templates\syslibs\conversiontable.mk
binary \epoc32\tools\makefile_templates\syslibs\fm_copyfile_to_winscw_zdrive.meta
binary \epoc32\tools\makefile_templates\syslibs\fm_copyfile_to_winscw_zdrive.mk
binary \epoc32\tools\makefile_templates\syslibs\generate_cpp.meta
binary \epoc32\tools\makefile_templates\syslibs\generate_cpp.mk
binary \epoc32\tools\makefile_templates\syslibs\generate_snm.meta
binary \epoc32\tools\makefile_templates\syslibs\generate_snm.mk
binary \epoc32\tools\makefile_templates\syslibs\test\bafl_copytestfiles.meta
binary \epoc32\tools\makefile_templates\syslibs\test\bafl_copytestfiles.mk
binary \epoc32\tools\makefile_templates\syslibs\test\bafl_resource_files.meta
binary \epoc32\tools\makefile_templates\syslibs\test\bafl_resource_files.mk
binary \epoc32\tools\makefile_templates\syslibs\test\centrep_copydatfile.meta
binary \epoc32\tools\makefile_templates\syslibs\test\centrep_copydatfile.mk
binary \epoc32\tools\makefile_templates\syslibs\test\centrep_copyincentrepsrv.meta
binary \epoc32\tools\makefile_templates\syslibs\test\centrep_copyincentrepsrv.mk
binary \epoc32\tools\makefile_templates\syslibs\test\centrep_copypctestfile.meta
binary \epoc32\tools\makefile_templates\syslibs\test\centrep_copypctestfile.mk
binary \epoc32\tools\makefile_templates\syslibs\test\centrep_copypctestfilev2.meta
binary \epoc32\tools\makefile_templates\syslibs\test\centrep_copypctestfilev2.mk
binary \epoc32\tools\makefile_templates\syslibs\test\charconv_testpostbuild.meta
binary \epoc32\tools\makefile_templates\syslibs\test\charconv_testpostbuild.mk
binary \epoc32\tools\makefile_templates\syslibs\test\charconv_tiso8859x_generate_cpp.meta
binary \epoc32\tools\makefile_templates\syslibs\test\charconv_tiso8859x_generate_cpp.mk
binary \epoc32\tools\makefile_templates\syslibs\test\charconv_tsnmdata.meta
binary \epoc32\tools\makefile_templates\syslibs\test\charconv_tsnmdata.mk
binary \epoc32\tools\makefile_templates\syslibs\test\dbms_copytestdbscfiles.meta
binary \epoc32\tools\makefile_templates\syslibs\test\dbms_copytestdbscfiles.mk
binary \epoc32\tools\makefile_templates\syslibs\test\ecom3_buildsis.meta
binary \epoc32\tools\makefile_templates\syslibs\test\ecom3_buildsis.mk
binary \epoc32\tools\makefile_templates\syslibs\test\ecom3_postbuild.meta
binary \epoc32\tools\makefile_templates\syslibs\test\ecom3_postbuild.mk
binary \epoc32\tools\makefile_templates\syslibs\test\ecom3_relocatetarget.meta
binary \epoc32\tools\makefile_templates\syslibs\test\ecom3_relocatetarget.mk
binary \epoc32\tools\makefile_templates\syslibs\test\featmgr_moveplugin.meta
binary \epoc32\tools\makefile_templates\syslibs\test\featmgr_moveplugin.mk
binary \epoc32\tools\makefile_templates\syslibs\test\logeng_copytestfiles.meta
binary \epoc32\tools\makefile_templates\syslibs\test\logeng_copytestfiles.mk
binary \epoc32\tools\makefile_templates\syslibs\test\sql_copyperfsqltestfiles.meta
binary \epoc32\tools\makefile_templates\syslibs\test\sql_copyperfsqltestfiles.mk
binary \epoc32\tools\makefile_templates\syslibs\test\sql_copysqltestfiles.meta
binary \epoc32\tools\makefile_templates\syslibs\test\sql_copysqltestfiles.mk
binary \epoc32\tools\makefile_templates\syslibs\test\sqlite3_copysqlite3testfiles.meta
binary \epoc32\tools\makefile_templates\syslibs\test\sqlite3_copysqlite3testfiles.mk
binary \epoc32\tools\makefile_templates\syslibs\test\sqlite3_securecopytestfiles.meta
binary \epoc32\tools\makefile_templates\syslibs\test\sqlite3_securecopytestfiles.mk
binary \epoc32\tools\makefile_templates\syslibs\test\xml_sitestfiledist.meta
binary \epoc32\tools\makefile_templates\syslibs\test\xml_sitestfiledist.mk
binary \epoc32\tools\makefile_templates\syslibs\test\xml_stringdictionary00tagtable.meta
binary \epoc32\tools\makefile_templates\syslibs\test\xml_stringdictionary00tagtable.mk
binary \epoc32\tools\makefile_templates\syslibs\test\xml_syncmltestfiledist.meta
binary \epoc32\tools\makefile_templates\syslibs\test\xml_syncmltestfiledist.mk
binary \epoc32\tools\makefile_templates\syslibs\test\xml_wmltestfiledist.meta
binary \epoc32\tools\makefile_templates\syslibs\test\xml_wmltestfiledist.mk
binary \epoc32\tools\makefile_templates\syslibs\test\xml_xmlcmatchdatapostbuild.meta
binary \epoc32\tools\makefile_templates\syslibs\test\xml_xmlcmatchdatapostbuild.mk
binary \epoc32\tools\makefile_templates\syslibs\word_template.meta
binary \epoc32\tools\makefile_templates\syslibs\word_template.mk
binary \epoc32\tools\makefile_templates\techview\uiklaf_resource.meta
binary \epoc32\tools\makefile_templates\techview\uiklaf_resource.mk
binary \epoc32\tools\makefile_templates\tools\ant_launch.meta
binary \epoc32\tools\makefile_templates\tools\ant_launch.mk
binary \epoc32\tools\makefile_templates\tools\bldex.meta
binary \epoc32\tools\makefile_templates\tools\bldex.mk
binary \epoc32\tools\makefile_templates\tools\compsupp.meta
binary \epoc32\tools\makefile_templates\tools\compsupp.mk
binary \epoc32\tools\makefile_templates\tools\features.meta
binary \epoc32\tools\makefile_templates\tools\features.mk
binary \epoc32\tools\makefile_templates\tools\jni_ant_launch.meta
binary \epoc32\tools\makefile_templates\tools\jni_ant_launch.mk
binary \epoc32\tools\makefile_templates\tools\kif.meta
binary \epoc32\tools\makefile_templates\tools\kif.mk
binary \epoc32\tools\makefile_templates\tools\py2exe.meta
binary \epoc32\tools\makefile_templates\tools\py2exe.mk
binary \epoc32\tools\makefile_templates\tools\raptor_linux_dist.meta
binary \epoc32\tools\makefile_templates\tools\raptor_linux_dist.mk
binary \epoc32\tools\makefile_templates\tools\stlport.meta
binary \epoc32\tools\makefile_templates\tools\stlport.mk
binary \epoc32\tools\makefile_templates\tools\x86tool.meta
binary \epoc32\tools\makefile_templates\tools\x86tool.mk
binary \epoc32\tools\makefile_templates\tools\abld_update.meta
binary \epoc32\tools\makefile_templates\tools\abld_update.mk
binary \epoc32\tools\makefile_templates\tools\ant_launch.flm
binary \epoc32\tools\makefile_templates\tools\ant_launch.xml
binary \epoc32\tools\java\symbianant.jar
binary \epoc32\tools\shell\cmd.mk
binary \epoc32\tools\shell\generic.mk
binary \epoc32\tools\shell\sh.mk


notes_source \component_defs\release.src
