#
# Copyright (c) 2009 Nokia Corporation and/or its subsidiary(-ies).
# All rights reserved.
# This component and the accompanying materials are made available
# under the terms of "Eclipse Public License v1.0"
# which accompanies this distribution, and is available
# at the URL "http://www.eclipse.org/legal/epl-v10.html".
#
# Initial Contributors:
# Nokia Corporation - initial contribution.
#
# Contributors:
#
# Description: 
#
# component name "Emulator"

component	base_wins

source	\sf\os\boardsupport\emulator\emulatorbsp
binary	\sf\os\boardsupport\emulator\emulatorbsp all
exports	\sf\os\boardsupport\emulator\emulatorbsp

-export_file	\sf\os\boardsupport\emulator\emulatorbsp\documentation\wins_ether_drv_howto.txt	\epoc32\engdoc\ethernet\wins_ether_drv_howto.txt

notes_source	\component_defs\release.src


# ==   comments appear after the line they describe  ==
ipr E 
ipr B \sf\os\boardsupport\emulator\emulatorbsp\specific\sdcard
# Must only be distributed to parties who have signed an agreement with the SD-3C LLC
ipr B \sf\os\boardsupport\emulator\emulatorbsp\specific\sdcard\sdcard4c
# Must only be distributed to parties who have signed an agreement with the 4C LLC
ipr T \sf\os\boardsupport\emulator\emulatorbsp\test
ipr T \sf\os\boardsupport\emulator\emulatorbsp\win_drive
ipr F \sf\os\boardsupport\emulator\emulatorbsp\wpdpack

