#
# Copyright (c) 2010 Nokia Corporation and/or its subsidiary(-ies).
# All rights reserved.
# This component and the accompanying materials are made available
# under the terms of "Eclipse Public License v1.0"
# which accompanies this distribution, and is available
# at the URL "http://www.eclipse.org/legal/epl-v10.html".
#
# Initial Contributors:
# Nokia Corporation - initial contribution.
#
# Contributors:
#
# Description: 
#

component	lbs_admin

source \sf\os\lbs\locationmgmt\locationcore\documentation
source \sf\os\lbs\locationmgmt\locationcore\LbsLocCommon
source \sf\os\lbs\locationmgmt\locationcore\LbsClient
source \sf\os\lbs\locationmgmt\locationcore\LbsLogging
source \sf\os\lbs\locationmgmt\locationcore\LbsAssistanceData
source \sf\os\lbs\locationmgmt\locationcore\LbsPartnerCommon
source \sf\os\lbs\locationmgmt\locationcore\LbsLocDataSource
source \sf\os\lbs\locationmgmt\locationcore\GPSClock
source \sf\os\lbs\locationmgmt\locationcore\LbsInternalApi
source \sf\os\lbs\locationmgmt\locationcore\LbsNetProtocol
source \sf\os\lbs\locationmgmt\locationcore\LbsNetInternalApi
source \sf\os\lbs\locationmgmt\locationcore\lbsrootapi
source \sf\os\lbs\locationmgmt\locationcore\lbsroot
source \sf\os\lbs\locationmgmt\locationcore\LbsDebug
source \sf\os\lbs\locationmgmt\locmonitor\lbslocmonitorapis
source \sf\os\lbs\locationmgmt\locationcore

source \sf\os\lbs\locationmgmt\locationcore\lbslocsettings
source \sf\os\lbs\locationmgmt\locationcore\lbsmlfwutilities
source \sf\os\lbs\locationmgmt\locationcore\lbslocindicatorlib
source \sf\os\lbs\locationmgmt\locationcore\lbspositioningstatus


binary	\sf\os\lbs\locationmgmt\locationcore\group all

exports	\sf\os\lbs\locationmgmt\locationcore\group

notes_source	\component_defs\release.src
   
ipr E 
ipr T  \sf\os\lbs\locationmgmt\locationcore\LbsLocCommon\ServerFramework\te_ProcessLaunchTest
ipr T  \sf\os\lbs\locationmgmt\locationcore\LbsClient\LbsApi\test
ipr T  \sf\os\lbs\locationmgmt\locationcore\LbsClient\LbsTestSvr
ipr T  \sf\os\lbs\locationmgmt\locationcore\LbsClient\UnitTestBase
ipr T  \sf\os\lbs\locationmgmt\locationcore\LbsLogging\te_LbsLogging
ipr T  \sf\os\lbs\locationmgmt\locationcore\LbsLogging\test
ipr T  \sf\os\lbs\locationmgmt\locationcore\LbsAssistanceData\test
ipr T  \sf\os\lbs\locationmgmt\locationcore\LbsLocDataSource\test
ipr T  \sf\os\lbs\locationmgmt\locationcore\GPSClock\test
ipr T  \sf\os\lbs\locationmgmt\locationcore\LbsInternalApi\te_lbsinternalapitest
ipr T  \sf\os\lbs\locationmgmt\locationcore\LbsNetInternalApi\test
ipr T  \sf\os\lbs\locationmgmt\locationcore\lbsrootapi\test
ipr T  \sf\os\lbs\locationmgmt\locationcore\LbsDebug\test
ipr T  \sf\os\lbs\locationmgmt\locationcore\test
ipr T  \sf\os\lbs\locationmgmt\locationcore\lbslocindicatorlib\test
ipr T  \sf\os\lbs\locationmgmt\locationcore\LbsPartnerCommon\test
ipr T  \sf\os\lbs\locationmgmt\locationcore\lbspositioningstatus\test
