component	comms-infras_rootserver
source	\sf\os\commsfw\commsprocess\commsrootserverconfig\bmarm
source	\sf\os\commsfw\commsprocess\commsrootserverconfig\bwins
source	\sf\os\commsfw\commsprocess\commsrootserverconfig\eabi
source	\sf\os\commsfw\commsprocess\commsrootserverconfig\Documentation
source	\sf\os\commsfw\commsprocess\commsrootserverconfig\configurator
source	\sf\os\commsfw\commsprocess\commsrootserverconfig\inc
source	\sf\os\commsfw\commsprocess\commsrootserverconfig\te_cap_rootserver
source	\sf\os\commsfw\commsprocess\commsrootserverconfig\CapTestFw_Configurator
source	\sf\os\commsfw\commsprocess\commsrootserverconfig\Te_Configurator
source	\sf\os\commsfw\commsprocess\commsrootserverconfig\te_c32start_race
source	\sf\os\commsfw\commsprocess\commsrootserverconfig\rootsrv
source	\sf\os\commsfw\commsprocess\commsrootserverconfig\ts_rootserver
source	\sf\os\commsfw\commsprocess\commsrootserverconfig\CapTestFramework
source	\sf\os\commsfw\commsprocess\commsrootserverconfig\group
binary	\sf\os\commsfw\commsprocess\commsrootserverconfig\group	all
exports	\sf\os\commsfw\commsprocess\commsrootserverconfig\group
-binary \sf\os\commsfw\commsprocess\commsrootserverconfig\etc all
-export_file	\sf\os\commsfw\commsprocess\commsrootserverconfig\etc\c32start.ini \epoc32\data\z\private\101F7988\c32start.ini
notes_source	\component_defs\release.src


ipr D 
ipr T \sf\os\commsfw\commsprocess\commsrootserverconfig\CapTestFramework
ipr T \sf\os\commsfw\commsprocess\commsrootserverconfig\CapTestFw_Configurator
ipr T \sf\os\commsfw\commsprocess\commsrootserverconfig\te_cap_rootserver
ipr T \sf\os\commsfw\commsprocess\commsrootserverconfig\Te_Configurator
ipr T \sf\os\commsfw\commsprocess\commsrootserverconfig\ts_rootserver
ipr T	\sf\os\commsfw\commsprocess\commsrootserverconfig\te_c32start_race


