#
# Copyright (c) 2009 Nokia Corporation and/or its subsidiary(-ies).
# All rights reserved.
# This component and the accompanying materials are made available
# under the terms of "Eclipse Public License v1.0"
# which accompanies this distribution, and is available
# at the URL "http://www.eclipse.org/legal/epl-v10.html".
#
# Initial Contributors:
# Nokia Corporation - initial contribution.
#
# Contributors:
#
# Description: 
#

component	tools_romkit
source	\sf\os\buildtools\imgtools_os\romkiteka2
binary	\sf\os\buildtools\imgtools_os\romkiteka2\group all
exports	\sf\os\buildtools\imgtools_os\romkiteka2\group

-export_file	\sf\os\buildtools\imgtools_os\romkiteka2\tools\buildrom.txt	\epoc32\engdoc\romkit\buildrom.txt
notes_source	\component_defs\release.src


ipr T 

