#multimedia_mdf_devsound_refplugin.mrp
#
# Copyright (c) 2009 Nokia Corporation and/or its subsidiary(-ies).
# All rights reserved.
# This component and the accompanying materials are made available
# under the terms of "Eclipse Public License v1.0"
# which accompanies this distribution, and is available
# at the URL "http://www.eclipse.org/legal/epl-v10.html".
#
# Initial Contributors:
# Nokia Corporation - initial contribution.
#
# Contributors:
#
# Description:
#

component	multimedia_mdf_devsound_refplugin

source		\sf\os\mm\devsound\devsoundrefplugin

binary		\sf\os\mm\devsound\devsoundrefplugin\group all

exports		\sf\os\mm\devsound\devsoundrefplugin\group

notes_source	\component_defs\release.src

ipr E
