#
# Copyright (c) 2009 Nokia Corporation and/or its subsidiary(-ies).
# All rights reserved.
# This component and the accompanying materials are made available
# under the terms of "Eclipse Public License v1.0"
# which accompanies this distribution, and is available
# at the URL "http://www.eclipse.org/legal/epl-v10.html".
#
# Initial Contributors:
# Nokia Corporation - initial contribution.
#
# Contributors:
#
# Description: 
#

component	multimedia_documentation

source	\sf\os\mm\mm_info\mmdocs

notes_source	\component_defs\release.src

ipr D
ipr T	\sf\os\mm\mm_info\mmdocs\Test_Design
ipr T	\sf\os\mm\mm_info\mmdocs\Test_Specs
