#
# Copyright (c) 2010 Nokia Corporation and/or its subsidiary(-ies).
# All rights reserved.
# This component and the accompanying materials are made available
# under the terms of "Eclipse Public License v1.0"
# which accompanies this distribution, and is available
# at the URL "http://www.eclipse.org/legal/epl-v10.html".
#
# Initial Contributors:
# Nokia Corporation - initial contribution.
#
# Contributors:
#
# Description: 
#

component	lbs_suplprotocolmodule

source	\sf\os\lbs\networkprotocolmodules\suplprotocolmodule\

binary	\sf\os\lbs\networkprotocolmodules\suplprotocolmodule\group all

exports	\sf\os\lbs\networkprotocolmodules\suplprotocolmodule\group

notes_source	\component_defs\release.src


ipr E 
ipr T \sf\os\lbs\networkprotocolmodules\suplprotocolmodule\HostSettingsAPI\test
ipr T \sf\os\lbs\networkprotocolmodules\suplprotocolmodule\SuplConnectionManager\test
ipr T \sf\os\lbs\networkprotocolmodules\suplprotocolmodule\SuplRrlpProtocol\test
ipr T \sf\os\lbs\networkprotocolmodules\suplprotocolmodule\SuplProtocol\test
ipr T \sf\os\lbs\networkprotocolmodules\suplprotocolmodule\SuplPushAPI\test
ipr T \sf\os\lbs\networkprotocolmodules\suplprotocolmodule\SuplRrlpAsn1\test
ipr T \sf\os\lbs\networkprotocolmodules\suplprotocolmodule\test
ipr B \sf\os\lbs\networkprotocolmodules\suplprotocolmodule\test\export

