#
# Copyright (c) 2009 Nokia Corporation and/or its subsidiary(-ies).
# All rights reserved.
# This component and the accompanying materials are made available
# under the terms of "Eclipse Public License v1.0"
# which accompanies this distribution, and is available
# at the URL "http://www.eclipse.org/legal/epl-v10.html".
#
# Initial Contributors:
# Nokia Corporation - initial contribution.
#
# Contributors:
#
# Description: 
#
# component name "E32 Tools"

component	tools_e32tools
source	\sf\os\buildtools\toolsandutils\e32tools
#binary	\sf\os\buildtools\toolsandutils\e32tools\group cwtools
binary	\sf\os\buildtools\toolsandutils\e32tools\group all
exports	\sf\os\buildtools\toolsandutils\e32tools\group

-export_file	\sf\os\buildtools\toolsandutils\e32tools\dspec\romimage.rtf	\epoc32\engdoc\e32tools\romimage.rtf

binary	\epoc32\release\tools\rel\bin2coff.exe
binary	\epoc32\release\tools\rel\eruntest.exe
binary	\epoc32\release\tools\rel\etouch.exe
binary	\epoc32\release\tools\rel\pe_dump.exe
binary	\epoc32\release\tools\rel\pediff.exe
binary	\epoc32\release\tools\rel\pediff.exe.exp
binary	\epoc32\release\tools\rel\pediff.exe.lib
binary	\epoc32\release\tools\rel\petran.exe
binary	\epoc32\release\tools\rel\petran.exe.exp
binary	\epoc32\release\tools\rel\petran.exe.lib
binary	\epoc32\release\tools\rel\readtype.exe
binary	\epoc32\release\tools\rel\rommask.exe
binary	\epoc32\release\tools\rel\w32repro.exe
binary	\epoc32\release\tools\rel\w32repro.exe.exp
binary	\epoc32\release\tools\rel\w32repro.exe.lib
binary	\epoc32\release\tools\rel\wveconv.exe
binary	\epoc32\release\tools2\rel\elfdump.exe
binary	\epoc32\release\tools\rel\elftran.exe
binary	\epoc32\release\tools\rel\elftran.exe.exp
binary	\epoc32\release\tools\rel\elftran.exe.lib
binary	\epoc32\release\tools\rel\getexports.exe
binary	\epoc32\release\tools\rel\genstubs.exe
binary	\epoc32\release\tools2\rel\elf2e32.exe

notes_source	\component_defs\release.src


ipr T 
ipr E \sf\os\buildtools\toolsandutils\e32tools\compress
ipr E \sf\os\buildtools\toolsandutils\e32tools\docs

