component	telephony_etel

source \sf\os\cellularsrv\telephonyserver\etelserverandcore\bwins
source \sf\os\cellularsrv\telephonyserver\etelserverandcore\CETEL
source \sf\os\cellularsrv\telephonyserver\etelserverandcore\Documentation
source \sf\os\cellularsrv\telephonyserver\etelserverandcore\DSTD
source \sf\os\cellularsrv\telephonyserver\etelserverandcore\DSTDNC
source \sf\os\cellularsrv\telephonyserver\etelserverandcore\eabi
source \sf\os\cellularsrv\telephonyserver\etelserverandcore\EtelRecorder
source \sf\os\cellularsrv\telephonyserver\etelserverandcore\group
source \sf\os\cellularsrv\telephonyserver\etelserverandcore\INC
source \sf\os\cellularsrv\telephonyserver\etelserverandcore\SETEL
source \sf\os\cellularsrv\telephonyserver\etelserverandcore\TETEL
source \sf\os\cellularsrv\telephonyserver\etelserverandcore\traces

binary	\sf\os\cellularsrv\telephonyserver\etelserverandcore\group	all
exports	\sf\os\cellularsrv\telephonyserver\etelserverandcore\group

-binary	\sf\os\cellularsrv\telephonyserver\etelserverandcore\data	all
-export_file \sf\os\cellularsrv\telephonyserver\etelserverandcore\data\etel.cmi \epoc32\data\z\private\101F7988\etel.cmi

notes_source	\component_defs\release.src


ipr D 
ipr T \sf\os\cellularsrv\telephonyserver\etelserverandcore\EtelRecorder\playback
ipr T \sf\os\cellularsrv\telephonyserver\etelserverandcore\TETEL

