# Copyright (c) 2009-2010 Nokia Corporation and/or its subsidiary(-ies).
# All rights reserved.
# This component and the accompanying materials are made available
# under the terms of "Eclipse Public License v1.0"
# which accompanies this distribution, and is available
# at the URL "http://www.eclipse.org/legal/epl-v10.html".
#
# Initial Contributors:
# Nokia Corporation - initial contribution.
#
# Contributors:
#
# Description: 
# CBR definition file for deviceplatformrelease_metadata

component           deviceplatformrelease_metadata
source   \sf\os\deviceplatformrelease\deviceplatformrelease_info\deviceplatformrelease_metadata 
source   \sf\os\deviceplatformrelease\package_definition.xml
source   \sf\os\deviceplatformrelease\distribution.policy.s60
notes_source      \component_defs\release.src
ipr T 
