#multimedia_ecam_plugins.mrp
#
# Copyright (c) 2008 Nokia Corporation and/or its subsidiary(-ies).
# All rights reserved.
# This component and the accompanying materials are made available
# under the terms of "Eclipse Public License v1.0"
# which accompanies this distribution, and is available
# at the URL "http://www.eclipse.org/legal/epl-v10.html".
#
# Initial Contributors:
# Nokia Corporation - initial contribution.
#
# Contributors:
#
# Description:
#

component	multimedia_ecam_plugins

source	\sf\os\mm\mmplugins\cameraplugins
	
binary	\sf\os\mm\mmplugins\cameraplugins\group	all

exports	\sf\os\mm\mmplugins\cameraplugins\group

notes_source	\component_defs\release.src

ipr E 
ipr T \sf\os\mm\mmplugins\cameraplugins\source\testcamera

