#
# Copyright (c) 2003-2010 Nokia Corporation and/or its subsidiary(-ies).
# All rights reserved.
# This component and the accompanying materials are made available
# under the terms of "Eclipse Public License v1.0"
# which accompanies this distribution, and is available
# at the URL "http://www.eclipse.org/legal/epl-v10.html".
#
# Initial Contributors:
# Nokia Corporation - initial contribution.
#
# Contributors:
#
# Description: 
#

component	wap-stack_wapmessage
source	\sf\os\cellularsrv\wapstack\wapmessageapi
binary	\sf\os\cellularsrv\wapstack\wapmessageapi\group	all
exports	\sf\os\cellularsrv\wapstack\wapmessageapi\group
notes_source	\component_defs\release.src


ipr E 
ipr T \sf\os\cellularsrv\wapstack\wapmessageapi\te_wapstack

