# Copyright (c) 2005-2009 Nokia Corporation and/or its subsidiary(-ies).
# All rights reserved.
# This component and the accompanying materials are made available
# under the terms of "Eclipse Public License v1.0"
# which accompanies this distribution, and is available
# at the URL "http://www.eclipse.org/legal/epl-v10.html".
#
# Initial Contributors:
# Nokia Corporation - initial contribution.
#
# Contributors:
#
# Description:
# reference_roms.mrp

component	reference_roms_9.5

# This component owns the binaries, logs, etc produced by building ROM images
# in the System Build
# 
# Determination of which GTC ROMs are built is done by the variability tools.
# Unfortunately, there's no way for this MRP to indicate "all stuff generated
# by buiding the ROMS", so this list needs to be maintained explicitly :-(
# 
# Further note that the System Build filters the items generated to sort the
# GTC ROMs from the ROMs built for Integrations own purposes (ie Integration's
# Locally Tested Configurations). Only GTC ROM files are included in this
# component
# 
# For each complete ROM owned, there are either the same set of ten files, or
# the same set of six files, for NAND or non-NAND (ie NOR) ROMs respectively

binary	\epoc32\rom\include\GTC_Mature_H4.oby
binary	\epoc32\rom\GTC_Mature_H4HRP.oby
binary	\epoc32\rom\GTC_Mature_H4HRP.dir
binary	\epoc32\rom\GTC_Mature_H4HRP.IMG
binary	\epoc32\rom\GTC_Mature_H4HRP.symbol
binary	\epoc32\rom\GTC_Mature_H4HRP.log

binary	\epoc32\rom\include\GTC_Minimal_H4.oby
binary	\epoc32\rom\GTC_Minimal_H4HRP.oby
binary	\epoc32\rom\GTC_Minimal_H4HRP.dir
binary	\epoc32\rom\GTC_Minimal_H4HRP.IMG
binary	\epoc32\rom\GTC_Minimal_H4HRP.symbol
binary	\epoc32\rom\GTC_Minimal_H4HRP.log
binary	\epoc32\rom\GTC_Minimal_H4HRP.rofs.oby
binary	\epoc32\rom\GTC_Minimal_H4HRP.rofs.img
binary	\epoc32\rom\GTC_Minimal_H4HRP.rofs.symbol
binary	\epoc32\rom\GTC_Minimal_H4HRP.rofs.log

binary	\epoc32\rom\include\GTC_Standard_H4.oby
binary	\epoc32\rom\GTC_Standard_H4HRP.oby
binary	\epoc32\rom\GTC_Standard_H4HRP.dir
binary	\epoc32\rom\GTC_Standard_H4HRP.IMG
binary	\epoc32\rom\GTC_Standard_H4HRP.symbol
binary	\epoc32\rom\GTC_Standard_H4HRP.log
binary	\epoc32\rom\GTC_Standard_H4HRP.rofs.oby
binary	\epoc32\rom\GTC_Standard_H4HRP.rofs.img
binary	\epoc32\rom\GTC_Standard_H4HRP.rofs.symbol
binary	\epoc32\rom\GTC_Standard_H4HRP.rofs.log

# In addition to the items built via the variability tools (inc metarombuild)
# there are nand loader related items that are built through the XML file
# explicitly...

# A NAND loader for each hardware board:
binary \epoc32\rom\om_001.techview.nandloader.img
binary \epoc32\rom\om_001.techview.nandloader.log

binary \epoc32\rom\h4hrp_001.techview.nandloader.img
binary \epoc32\rom\h4hrp_001.techview.nandloader.log

# A NAND tester for each hardware board:
binary \epoc32\rom\h2.nandloader.reltest.img
binary \epoc32\rom\h2.nandloader.reltest.log

binary \epoc32\rom\h4.nandloader.reltest.img
binary \epoc32\rom\h4.nandloader.reltest.log

notes_source	\component_defs\release.src
