# Copyright (c) 2005-2009 Nokia Corporation and/or its subsidiary(-ies).
# All rights reserved.
# This component and the accompanying materials are made available
# under the terms of "Eclipse Public License v1.0"
# which accompanies this distribution, and is available
# at the URL "http://www.eclipse.org/legal/epl-v10.html".
#
# Initial Contributors:
# Nokia Corporation - initial contribution.
#
# Contributors:
#
# Description:
# tools_utils_cedar.mrp

component	tools_utils_cedar

source	\sf\os\deviceplatformrelease\symbianosbld\cedarutils

# renamed copies of files named after the Symbian OS product
#
binary  \epoc32\tools\variant\variant.cfg
binary  \epoc32\tools\variant\cbrtargetalias.cfg
binary  \epoc32\data\System_Definition.xml
binary  \epoc32\data\System_Definition_GT.xml
binary  \epoc32\data\System_Definition_TV.xml
binary  \epoc32\data\GT.txt
binary  \epoc32\data\TV.txt
binary  \epoc32\data\systemtest.txt
binary  \epoc32\rom\include\symbian_os_romdefs.hby
binary  \epoc32\include\variant\Symbian_OS.hrh
binary  \epoc32\include\variant\platform_paths.hrh

# file which are not renamed, and keep the product name
#
# (None at present)

# Note: these files must also be handled explicitly in the
# Symbian_OS_xxx_bin rules used to create the DevKit

notes_source	\component_defs\release.src

ipr T 
