#
# Copyright (c) 2010 Nokia Corporation and/or its subsidiary(-ies).
# All rights reserved.
# This component and the accompanying materials are made available
# under the terms of "Eclipse Public License v1.0"
# which accompanies this distribution, and is available
# at the URL "http://www.eclipse.org/legal/epl-v10.html".
#
# Initial Contributors:
# Nokia Corporation - initial contribution.
#
# Contributors:
#
# Description: 
#

component	lbs_gps_data_source_adaptation

source \sf\os\lbs\datasourceadaptation\gpsdatasourceadaptation

binary	\sf\os\lbs\datasourceadaptation\gpsdatasourceadaptation\group all

exports	\sf\os\lbs\datasourceadaptation\gpsdatasourceadaptation\group

notes_source	\component_defs\release.src

ipr E
ipr T  \sf\os\lbs\datasourceadaptation\gpsdatasourceadaptation\psytester
ipr T  \sf\os\lbs\datasourceadaptation\gpsdatasourceadaptation\\common\test
