# Copyright (c) 2009 Nokia Corporation and/or its subsidiary(-ies).
# All rights reserved.
# This component and the accompanying materials are made available
# under the terms of "Eclipse Public License v1.0"
# which accompanies this distribution, and is available
# at the URL "http://www.eclipse.org/legal/epl-v10.html".
#
# Initial Contributors:
# Nokia Corporation - initial contribution.
#
# Contributors:
#
# Description:
#

component	bluetooth_remotecontrol
source		\sf\os\devicesrv\accessoryservices\remotecontrolfw\bearerplugin
source		\sf\os\devicesrv\accessoryservices\remotecontrolfw\client
source		\sf\os\devicesrv\accessoryservices\remotecontrolfw\common
source		\sf\os\devicesrv\accessoryservices\remotecontrolfw\converterplugin
source		\sf\os\devicesrv\accessoryservices\remotecontrolfw\group
source		\sf\os\devicesrv\accessoryservices\remotecontrolfw\reference
source		\sf\os\devicesrv\accessoryservices\remotecontrolfw\server
source		\sf\os\devicesrv\accessoryservices\remotecontrolfw\targetselectorplugin
source		\sf\os\devicesrv\accessoryservices\remotecontrolfw\test
source		\sf\os\devicesrv\accessoryservices\remotecontrolfw\types

binary		\sf\os\devicesrv\accessoryservices\remotecontrolfw\group	all
exports		\sf\os\devicesrv\accessoryservices\remotecontrolfw\group

notes_source	\component_defs\release.src


ipr E 
ipr T \sf\os\devicesrv\accessoryservices\remotecontrolfw\reference
ipr T \sf\os\devicesrv\accessoryservices\remotecontrolfw\test

