#
# Copyright (c) 2003-2009 Nokia Corporation and/or its subsidiary(-ies).
# All rights reserved.
# This component and the accompanying materials are made available
# under the terms of "Eclipse Public License v1.0"
# which accompanies this distribution, and is available
# at the URL "http://www.eclipse.org/legal/epl-v10.html".
#
# Initial Contributors:
# Nokia Corporation - initial contribution.
#
# Contributors:
#
# Description: Video HAI component
#

component	multimedia_videohai

source	\sf\os\mm\mmhais\videohai
	
binary	\sf\os\mm\mmhais\videohai\group	all

exports	\sf\os\mm\mmhais\videohai\group

notes_source	\component_defs\release.src

ipr D 

